2020-09-29 09:12:22,494 Ln: 76 - Fecha y Hora de los datos: 202009291445
2020-09-29 09:13:12,518 Ln: 76 - Fecha y Hora de los datos: 202009291445
2020-09-29 09:13:13,344 Ln: 56 - Date: 202009291445, Lightnings: 23
2020-09-29 09:13:14,224 Ln: 56 - Date: 202009291445, Lightnings: 76
2020-09-29 09:13:15,728 Ln: 56 - Date: 202009291445, Lightnings: 23
2020-09-29 09:13:16,461 Ln: 56 - Date: 202009291445, Lightnings: 20
2020-09-29 09:13:17,228 Ln: 56 - Date: 202009291445, Lightnings: 0
2020-09-29 09:13:17,541 Ln: 48 - ERROR, REQUEST NOT SUCCEDED
2020-09-29 09:13:17,541 Ln: 50 - {'code': 'VPE-001', 'message': "The value of query parameter 'startDateTime' is invalid."}
2020-09-29 09:18:54,393 Ln: 76 - Fecha y Hora de los datos: 202009291500
2020-09-29 09:18:55,127 Ln: 56 - Date: 202009291500, Lightnings: 72
2020-09-29 09:18:56,150 Ln: 89 - revision datos anteriores: 202009291430
2020-09-29 09:18:56,642 Ln: 56 - Date: 202009291430, Lightnings: 11
2020-09-29 09:46:27,900 Ln: 76 - Fecha y Hora de los datos: 202009291530
2020-09-29 09:46:28,802 Ln: 56 - Date: 202009291530, Lightnings: 48
2020-09-29 09:46:30,118 Ln: 56 - Date: 202009291530, Lightnings: 387
2020-09-29 09:46:36,317 Ln: 56 - Date: 202009291530, Lightnings: 46
2020-09-29 09:46:37,614 Ln: 56 - Date: 202009291530, Lightnings: 6
2020-09-29 09:46:38,271 Ln: 56 - Date: 202009291530, Lightnings: 8
2020-09-29 09:46:38,380 Ln: 88 - CR 15 minutes ago: 202009291515
2020-09-29 09:46:38,989 Ln: 56 - Date: 202009291515, Lightnings: 214
2020-09-29 09:46:42,044 Ln: 95 - CR 30 minutes ago: 202009291500
2020-09-29 09:46:42,638 Ln: 56 - Date: 202009291500, Lightnings: 72
2020-09-29 09:54:53,397 Ln: 76 - Fecha y Hora de los datos: 202009291530
2020-09-29 09:54:54,395 Ln: 56 - Date: 202009291530, Lightnings: 48
2020-09-29 09:54:55,760 Ln: 56 - Date: 202009291530, Lightnings: 387
2020-09-29 09:55:01,802 Ln: 56 - Date: 202009291530, Lightnings: 46
2020-09-29 09:55:03,004 Ln: 56 - Date: 202009291530, Lightnings: 6
2020-09-29 09:55:03,600 Ln: 56 - Date: 202009291530, Lightnings: 8
2020-09-29 09:55:03,691 Ln: 87 - CR 15 minutes ago: 202009291515
2020-09-29 09:55:04,190 Ln: 56 - Date: 202009291515, Lightnings: 214
2020-09-29 09:55:07,295 Ln: 93 - CR 30 minutes ago: 202009291500
2020-09-29 09:55:07,826 Ln: 56 - Date: 202009291500, Lightnings: 72
2020-09-29 12:28:55,303 Ln: 76 - Fecha y Hora de los datos: 202009291800
2020-09-29 12:28:56,075 Ln: 56 - Date: 202009291800, Lightnings: 32
2020-09-29 12:28:57,183 Ln: 56 - Date: 202009291800, Lightnings: 1259
2020-09-29 12:29:15,953 Ln: 56 - Date: 202009291800, Lightnings: 32
2020-09-29 12:29:17,165 Ln: 56 - Date: 202009291800, Lightnings: 84
2020-09-29 12:29:18,843 Ln: 56 - Date: 202009291800, Lightnings: 97
2020-09-29 12:29:20,182 Ln: 87 - CR 15 minutes ago: 202009291745
2020-09-29 12:29:20,833 Ln: 56 - Date: 202009291745, Lightnings: 61
2020-09-29 12:29:21,617 Ln: 93 - CR 30 minutes ago: 202009291730
2020-09-29 12:29:22,442 Ln: 56 - Date: 202009291730, Lightnings: 153
